MyMusic/app/build/intermediates/manifest_merge_blame_file/debug/manifest-merger-blame-debug-report.txt
1<?xml version="1.0" encoding="utf-8"?>
2<manifest xmlns:android="http://schemas.android.com/apk/res/android"
3    package="cn.edu.mymusic"
4    android:versionCode="1"
5    android:versionName="1.0" >
6
7    <uses-sdk
8        android:minSdkVersion="16"
8-->src/main/AndroidManifest.xml
9        android:targetSdkVersion="30" />
9-->src/main/AndroidManifest.xml
10
11    <uses-permission android:name="android.permission.READ_EXTERNAL_STORAGE" />
11-->src/main/AndroidManifest.xml:5:5-80
11-->src/main/AndroidManifest.xml:5:22-77
12    <uses-permission android:name="android.permission.RECORD_AUDIO" />
12-->[com.gauravk.audiovisualizer:audiovisualizer:0.9.2] AndroidManifest.xml:9:5-71
12-->[com.gauravk.audiovisualizer:audiovisualizer:0.9.2] AndroidManifest.xml:9:22-68
13
14    <application
14-->src/main/AndroidManifest.xml:7:5-22:19
15        android:allowBackup="true"
15-->src/main/AndroidManifest.xml:8:9-35
16        android:appComponentFactory="androidx.core.app.CoreComponentFactory"
16-->[androidx.core:core:1.1.0] AndroidManifest.xml:24:18-86
17        android:debuggable="true"
18        android:icon="@mipmap/ic_launcher"
18-->src/main/AndroidManifest.xml:9:9-43
19        android:label="@string/app_name"
19-->src/main/AndroidManifest.xml:10:9-41
20        android:roundIcon="@mipmap/ic_launcher_round"
20-->src/main/AndroidManifest.xml:11:9-54
21        android:supportsRtl="true"
21-->src/main/AndroidManifest.xml:12:9-35
22        android:testOnly="true"
23        android:theme="@style/Theme.MyMusic" >
23-->src/main/AndroidManifest.xml:13:9-45
24        <activity android:name="cn.edu.mymusic.PlayerActivity" />
24-->src/main/AndroidManifest.xml:14:9-61
24-->src/main/AndroidManifest.xml:14:19-49
25        <activity android:name="cn.edu.mymusic.MainActivity" >
25-->src/main/AndroidManifest.xml:15:9-21:20
25-->src/main/AndroidManifest.xml:15:19-47
26            <intent-filter>
26-->src/main/AndroidManifest.xml:16:13-20:29
27                <action android:name="android.intent.action.MAIN" />
27-->src/main/AndroidManifest.xml:17:17-69
27-->src/main/AndroidManifest.xml:17:25-66
28
29                <category android:name="android.intent.category.LAUNCHER" />
29-->src/main/AndroidManifest.xml:19:17-77
29-->src/main/AndroidManifest.xml:19:27-74
30            </intent-filter>
31        </activity>
32        <activity
32-->[com.karumi:dexter:6.2.2] AndroidManifest.xml:27:9-29:72
33            android:name="com.karumi.dexter.DexterActivity"
33-->[com.karumi:dexter:6.2.2] AndroidManifest.xml:28:13-60
34            android:theme="@style/Dexter.Internal.Theme.Transparent" />
34-->[com.karumi:dexter:6.2.2] AndroidManifest.xml:29:13-69
35    </application>
36
37</manifest>